<?xml version="1.0" encoding="UTF-8"?>
<!-- Generated by org.testng.reporters.JUnitReportReporter -->
<testsuite hostname="TinMin" failures="0" tests="1" name="testCases.TC001_AccountRegistrationTest" time="3.442" errors="0" timestamp="2025-05-20T14:38:55 EDT" skipped="0">
  <testcase classname="testCases.TC001_AccountRegistrationTest" name="verify_account_registration" time="3.442"/>
</testsuite> <!-- testCases.TC001_AccountRegistrationTest -->
