<?xml version="1.0" encoding="UTF-8"?>
<!-- Generated by org.testng.reporters.JUnitReportReporter -->
<testsuite hostname="TinMin" failures="0" tests="1" name="testCases.TC001_AccountRegistrationTest" time="3.006" errors="0" timestamp="2025-05-22T16:47:57 EDT" skipped="0">
  <testcase classname="testCases.TC001_AccountRegistrationTest" name="verify_account_registration" time="3.006"/>
</testsuite> <!-- testCases.TC001_AccountRegistrationTest -->
