<?xml version="1.0" encoding="UTF-8"?>
<!-- Generated by org.testng.reporters.JUnitReportReporter -->
<testsuite hostname="TinMin" failures="0" tests="1" name="testCases.TC002_LoginTest" time="2.142" errors="0" timestamp="2025-05-22T16:47:57 EDT" skipped="0">
  <testcase classname="testCases.TC002_LoginTest" name="verify_login" time="2.142"/>
</testsuite> <!-- testCases.TC002_LoginTest -->
